C51 COMPILER V9.60.0.0   DDELA                                                             10/21/2023 10:54:42 PAGE 1   


C51 COMPILER V9.60.0.0, COMPILATION OF MODULE DDELA
OBJECT MODULE PLACED IN .\Objects\ddela.obj
COMPILER INVOKED BY: C:\Keil_v5\C51\BIN\C51.EXE counters2\ddela.c OPTIMIZE(8,SPEED) BROWSE DEBUG OBJECTEXTEND PRINT(.\Li
                    -stings\ddela.lst) TABS(2) OBJECT(.\Objects\ddela.obj)

line level    source

   1          #include<AT89x51.h>
   2          #include"Atmal_lcd.h"
*** WARNING C318 IN LINE 2 OF counters2\ddela.c: can't open file 'Atmal_lcd.h'
   3          void main()
   4          {
   5   1        unsigned char v1,v3,v4;
   6   1        unsigned int v2;
   7   1        
   8   1        TMOD=0X60;
   9   1        TL1=0X00;
  10   1        TR1=1;
  11   1        
  12   1        Lcd8_Init();
*** WARNING C206 IN LINE 12 OF counters2\ddela.c: 'Lcd8_Init': missing function-prototype
  13   1        Lcd8_Display(0x80,"  COUNTER       ",16);
*** WARNING C206 IN LINE 13 OF counters2\ddela.c: 'Lcd8_Display': missing function-prototype
*** ERROR C267 IN LINE 13 OF counters2\ddela.c: 'Lcd8_Display': requires ANSI-style prototype
  14   1        Delay(65000);Delay(65000);
  15   1        Lcd8_Command(0x01); 
  16   1      
  17   1        while(1)
  18   1        {
  19   2          v1=TL1;
  20   2          v3=v1/10;
  21   2          v4=v1%10;
  22   2          Lcd8_Display(0x80,"COUNT           ",16);
  23   2          Lcd8_Decimal3(0xcd,v3);
  24   2          for(v2=0;v2<500;v2++);
  25   2          Lcd8_Decimal3(0xc9,v4);
  26   2          for(v2=0;v2<500;v2++);
  27   2        }
  28   1      }

C51 COMPILATION COMPLETE.  3 WARNING(S),  1 ERROR(S)
