C51 COMPILER V9.60.0.0   DSK                                                               10/21/2023 10:02:55 PAGE 1   


C51 COMPILER V9.60.0.0, COMPILATION OF MODULE DSK
OBJECT MODULE PLACED IN .\Objects\dsk.obj
COMPILER INVOKED BY: C:\Keil_v5\C51\BIN\C51.EXE counters\dsk.c OPTIMIZE(8,SPEED) BROWSE DEBUG OBJECTEXTEND PRINT(.\Listi
                    -ngs\dsk.lst) TABS(2) OBJECT(.\Objects\dsk.obj)

line level    source

   1          #include<AT89x52.h>
   2          sbit sw1 = P1^0;
   3          sbit sw2 = P1^1;
   4          
   5          sbit counter = P3^3;
   6          
   7          void main()
   8          {
   9   1        sw1 = sw2 = 0;
  10   1        
  11   1        if (sw1 == 1)
  12   1        {
  13   2          counter =0;
  14   2          counter = counter++;
*** ERROR C193 IN LINE 14 OF counters\dsk.c: '++': illegal operation on bit(s)
  15   2        }
  16   1        else if ( sw2 ==1)
  17   1        {
  18   2          counter = 99;
  19   2          counter = counter-1;
  20   2        }
  21   1      
  22   1      }

C51 COMPILATION COMPLETE.  0 WARNING(S),  1 ERROR(S)
