C51 COMPILER V9.60.7.0   ROBO                                                              11/04/2023 16:25:36 PAGE 1   


C51 COMPILER V9.60.7.0, COMPILATION OF MODULE ROBO
OBJECT MODULE PLACED IN .\Objects\robo.obj
COMPILER INVOKED BY: C:\Keil_v5\C51\BIN\C51.EXE robo.c OPTIMIZE(8,SPEED) BROWSE DEBUG OBJECTEXTEND PRINT(.\Listings\robo
                    -.lst) TABS(2) OBJECT(.\Objects\robo.obj)

line level    source

   1          #include<AT89x51.h>
   2          #include<Atal_lcd.h>
   3          #include<Atmal_lcd.h>
*** WARNING C318 IN LINE 3 OF robo.c: can't open file 'Atmal_lcd.h'
   4          sbit sw1 = P1^0;
   5          sbit m1 = P2^0;
   6          sbit m2 = P2^1;
   7          sbit m3 = P2^2;
   8          sbit m4 = P2^3;
   9          sbit ala = P3^2; 
  10          sbit pump = P1^3;
  11          int i,j;
  12          void delay(unsigned int dly);
  13          
  14          void fire() interrupt 1
  15          {
  16   1          if(ala == 1)
  17   1            {
  18   2              m1 = m2 = m3 = m4 = 0;
  19   2              pump = 1;
  20   2              delay(500);   
  21   2            }
  22   1            else 
  23   1            {
  24   2            pump = 0;
  25   2            }
  26   1          }
  27                
  28          void main()
  29          {
  30   1        m1 = m2 = m3 = m4 = 0;
  31   1        sw1 =0;
  32   1        pump = ala = 0;
  33   1        EA =1;
  34   1        EX0 =1;
  35   1        Lcd8_Init();
  36   1        Lcd8_Display(0x80,"  motor         ",16);
  37   1        Lcd8_Display(0xc0,"  controlling   ",16);
  38   1        Delay(65000);Delay(65000);
  39   1        while(sw1 ==1)
  40   1        { 
  41   2            Lcd8_Display(0x80,"  motor         ",16);
  42   2            Lcd8_Display(0xc0,"  forward       ",16);
  43   2            m2 = m4 = 1;
  44   2            delay(100);
  45   2            m1 = m2 = m3 = m4 = 0;
  46   2            delay (100);
  47   2            Lcd8_Display(0x80,"  motor         ",16);
  48   2            Lcd8_Display(0xc0,"  reversing     ",16);
  49   2            m1 = m3 = 1;
  50   2            delay(100);
  51   2            m1 = m2 = m3 = m4 = 0;
  52   2            delay(100);
  53   2            Lcd8_Display(0x80,"  motor         ",16);
C51 COMPILER V9.60.7.0   ROBO                                                              11/04/2023 16:25:36 PAGE 2   

  54   2            Lcd8_Display(0xc0,"  right         ",16);
  55   2            m1 = 1;
  56   2            delay(100);
  57   2            m1 = m2 = m3 = m4 = 0;
  58   2            delay(100);
  59   2            Lcd8_Display(0x80,"  motor         ",16);
  60   2            Lcd8_Display(0xc0,"    left        ",16);
  61   2            m4= 1;
  62   2            delay(100);
  63   2            m1 = m2 = m3 = m4 = 0;
  64   2            delay(100);
  65   2            }
  66   1          }
  67          void delay(unsigned int dly)
  68          {
  69   1        unsigned int i,j;
  70   1        for (i=0;i<dly;i++)
  71   1        for (j=0;j<400;j++);
  72   1      }


MODULE INFORMATION:   STATIC OVERLAYABLE
   CODE SIZE        =    793    ----
   CONSTANT SIZE    =    102    ----
   XDATA SIZE       =   ----    ----
   PDATA SIZE       =   ----    ----
   DATA SIZE        =      4      25
   IDATA SIZE       =   ----    ----
   BIT SIZE         =   ----    ----
END OF MODULE INFORMATION.


C51 COMPILATION COMPLETE.  1 WARNING(S),  0 ERROR(S)
