C51 COMPILER V9.60.0.0   ROBO                                                              09/09/2023 15:59:08 PAGE 1   


C51 COMPILER V9.60.0.0, COMPILATION OF MODULE ROBO
OBJECT MODULE PLACED IN .\Objects\robo.obj
COMPILER INVOKED BY: C:\Keil_v5\C51\BIN\C51.EXE robo.c OPTIMIZE(8,SPEED) BROWSE DEBUG OBJECTEXTEND PRINT(.\Listings\robo
                    -.lst) TABS(2) OBJECT(.\Objects\robo.obj)

line level    source

   1          #include<reg51.h>
   2              sbit m1 = P2^0;
   3              sbit m2 = P2^1;
   4              sbit m3 = P2^2;
   5              sbit m4 = P2^3;
   6              sbit c1 = P1^0;
   7              sbit c2 = P1^1;
   8              sbit c3 = P1^2;
   9              sbit c4 = P1^3;
  10              
  11              
  12          void main()
  13          {
  14   1        m1=0,m2=0,m3=0,m4=0,c1=0,c2=0,c3=0,c4=0;
  15   1        
  16   1        while(1){
  17   2          if( c1 == 1 && c2 ==0 && c3 ==0 && c4 ==0 )
  18   2          {
  19   3            m1=0;
  20   3            m2=1;
  21   3            m3=0;
  22   3            m4=1;
  23   3          }
  24   2          else if(c2 == 1 && c1 ==0 && c3 ==0 && c4 ==0 )
  25   2          {m1=1;
  26   3            m2=0;
  27   3            m3=1;
  28   3            m4=0;
  29   3          }
  30   2          else if(c3 == 1 && c1 ==0 && c2 ==0 && c4 ==0 )
  31   2          {
  32   3            m1=1;
  33   3            m2=0;
  34   3            m3=0;
  35   3            m4=1;
  36   3          }
  37   2          else if(c4 == 1 && c1 ==0 && c3 ==0 && c2 ==0 )
  38   2          {   m1=0;
  39   3            m2=1;
  40   3            m3=1;
  41   3            m4=0;
  42   3          }
  43   2          else 
  44   2          {
  45   3            m1=0;
  46   3            m2=0;
  47   3            m3=0;
  48   3            m4=0;
  49   3          }
  50   2        }
  51   1      }


MODULE INFORMATION:   STATIC OVERLAYABLE
C51 COMPILER V9.60.0.0   ROBO                                                              09/09/2023 15:59:08 PAGE 2   

   CODE SIZE        =    106    ----
   CONSTANT SIZE    =   ----    ----
   XDATA SIZE       =   ----    ----
   PDATA SIZE       =   ----    ----
   DATA SIZE        =   ----    ----
   IDATA SIZE       =   ----    ----
   BIT SIZE         =   ----    ----
END OF MODULE INFORMATION.


C51 COMPILATION COMPLETE.  0 WARNING(S),  0 ERROR(S)
