C51 COMPILER V9.60.0.0   KIRM                                                              10/14/2023 14:55:19 PAGE 1   


C51 COMPILER V9.60.0.0, COMPILATION OF MODULE KIRM
OBJECT MODULE PLACED IN .\Objects\kirm.obj
COMPILER INVOKED BY: C:\Keil_v5\C51\BIN\C51.EXE kirm.c OPTIMIZE(8,SPEED) BROWSE DEBUG OBJECTEXTEND PRINT(.\Listings\kirm
                    -.lst) TABS(2) OBJECT(.\Objects\kirm.obj)

line level    source

   1          #include<AT89x52.h>
   2          sbit led = P0^0;
   3          sbit sw  = P0^1;
   4          
   5          void time()
   6          {
   7   1        TH0 = 0xC9;
   8   1        TL0 = 0x87;
   9   1        TR0 =1;
  10   1        TF0 = 0;
  11   1        
  12   1        while (TF0 == 0);
  13   1        {
  14   2          TR0 =0;
  15   2          TF0 =0;
  16   2        }
  17   1      }
  18          
  19          void main()
  20          {  
  21   1        sw =0;
  22   1        TMOD = 0x01;
  23   1        
  24   1        if ( sw == 1)
  25   1          {
  26   2            led = 1;
  27   2            TR0 =1;
  28   2            TH0 = 0xC9;
  29   2            TL0 = 0x87;
  30   2              
  31   2            TF0 = 0;
  32   2        
  33   2            while (TF0 == 0);
  34   2              {
  35   3                TR0 =0;
  36   3                TF0 =0;
  37   3              }
  38   2            led = 0;
  39   2            }
  40   1        else
  41   1         {
  42   2            led = 0;
  43   2      
  44   2          }
  45   1      } 


MODULE INFORMATION:   STATIC OVERLAYABLE
   CODE SIZE        =     51    ----
   CONSTANT SIZE    =   ----    ----
   XDATA SIZE       =   ----    ----
   PDATA SIZE       =   ----    ----
   DATA SIZE        =   ----    ----
   IDATA SIZE       =   ----    ----
C51 COMPILER V9.60.0.0   KIRM                                                              10/14/2023 14:55:19 PAGE 2   

   BIT SIZE         =   ----    ----
END OF MODULE INFORMATION.


C51 COMPILATION COMPLETE.  0 WARNING(S),  0 ERROR(S)
