C51 COMPILER V9.60.7.0   LAODDD                                                            11/25/2023 15:10:05 PAGE 1   


C51 COMPILER V9.60.7.0, COMPILATION OF MODULE LAODDD
OBJECT MODULE PLACED IN .\Objects\laoddd.obj
COMPILER INVOKED BY: C:\Keil_v5\C51\BIN\C51.EXE laoddd.c OPTIMIZE(8,SPEED) BROWSE DEBUG OBJECTEXTEND PRINT(.\Listings\la
                    -oddd.lst) TABS(2) OBJECT(.\Objects\laoddd.obj)

line level    source

   1          #include<reg51.h>
   2          #include<string.h>
   3          sbit Load =P1^0;
   4          
   5          void main()
   6          {
   7   1        unsigned char res;
   8   1        char a[20];char b[20];
   9   1        int i,j=0;
  10   1        Load=0;
  11   1        SCON =0x50;
  12   1        TMOD=0x20;
  13   1        TH1 =0;
  14   1        TR1=1;
  15   1        while(1)
  16   1        {
  17   2          while(RI==0);
  18   2          RI=0;
  19   2          a[j]=SBUF;
  20   2          P1=a[j];
  21   2          j++;
  22   2      }
  23   1        if(strcmp(a,"start")==0)
  24   1        {
  25   2          P2=0x0f;
  26   2          Load =1;
  27   2          }
  28   1        else if(strcmp(b,"stop")==0)
  29   1          {
  30   2          P2=0xf0;
  31   2          Load=0;
  32   2        }
  33   1          
  34   1      }
*** WARNING C280 IN LINE 7 OF laoddd.c: 'res': unreferenced local variable
*** WARNING C280 IN LINE 9 OF laoddd.c: 'i': unreferenced local variable
  35            i=strlen(a);
*** ERROR C202 IN LINE 35 OF laoddd.c: 'a': undefined identifier
  36            j=0;
  37          
  38          while(i>0)
*** ERROR C141 IN LINE 38 OF laoddd.c: syntax error near 'while', expected 'hdata'
*** ERROR C141 IN LINE 38 OF laoddd.c: syntax error near '>', expected ')'
  39          {
  40            SBUF=a[j];
*** ERROR C231 IN LINE 40 OF laoddd.c: 'SBUF': redefinition
*** ERROR C202 IN LINE 40 OF laoddd.c: 'a': undefined identifier
*** ERROR C231 IN LINE 40 OF laoddd.c: 'SBUF': redefinition
  41            j++;
*** ERROR C129 IN LINE 41 OF laoddd.c: missing ';' before '++'
  42            i--;
  43          
  44          }
  45          
C51 COMPILER V9.60.7.0   LAODDD                                                            11/25/2023 15:10:05 PAGE 2   

  46              

C51 COMPILATION COMPLETE.  2 WARNING(S),  7 ERROR(S)
