C51 COMPILER V9.60.0.0   MAIN                                                              11/22/2023 13:55:52 PAGE 1   


C51 COMPILER V9.60.0.0, COMPILATION OF MODULE MAIN
OBJECT MODULE PLACED IN main.OBJ
COMPILER INVOKED BY: C:\Keil_v5\C51\BIN\C51.EXE main.c BROWSE DEBUG OBJECTEXTEND TABS(2)

line level    source

   1          #include <at89x52.h>
   2          #include <string.h>
   3          
   4          #include "gpio.h"
   5          #include "utils.h"
   6          #include "lcd.h"
   7          #include "uart.h"
   8          
   9          #ifndef lcdpinconfig
  10          #define lcdpinconfig
  11          #define rs  P35
  12          #define en  P34
  13          #define d4  P14
  14          #define d5  P15
  15          #define d6  P16
  16          #define d7  P17
  17          #endif 
  18          
  19          #ifndef uartpinconfig
  20          #define uartpinconfig
  21          #define uarttransmitter P31
  22          #define uartreceiver    P30
  23          #define uartbaudrate  9600
  24          #endif 
  25          
  26          int main()
  27          {
  28   1        lcd_initialize();
  29   1        lcd_disp(0x80," ATMEL UART LCD ");
  30   1        lcd_disp(0xC0,"  INTERFACING   ");
  31   1        delay_ms(2500); lcd_function(clear_display);
  32   1      
  33   1        serial_initialize(uartbaudrate);
  34   1        serial_enable(true);
  35   1        serial_flush();
  36   1      
  37   1        serial_write("Try to send charactor i'll show it on lcd\r\n\r\n");
  38   1        serialcount = 0;
  39   1      
  40   1        while(1)
  41   1        { 
  42   2          if(serialcount <= 16) lcd_writeln(0x80, &serialarray[0], serialcount);
  43   2          else lcd_writeln(0xC0, &serialarray[16], serialcount - 16);
  44   2      
  45   2          if(serialcount > 32)
  46   2          {
  47   3            serial_write("I've filled buffer...\r\n");
  48   3            serial_write("I am resetting myself...\r\n\r\n");
  49   3            serial_flush();
  50   3            lcd_function(clear_display);
  51   3          }
  52   2        }
  53   1      }


C51 COMPILER V9.60.0.0   MAIN                                                              11/22/2023 13:55:52 PAGE 2   

MODULE INFORMATION:   STATIC OVERLAYABLE
   CODE SIZE        =    811    ----
   CONSTANT SIZE    =    133    ----
   XDATA SIZE       =   ----    ----
   PDATA SIZE       =   ----    ----
   DATA SIZE        =   ----       4
   IDATA SIZE       =   ----    ----
   BIT SIZE         =   ----    ----
END OF MODULE INFORMATION.


C51 COMPILATION COMPLETE.  0 WARNING(S),  0 ERROR(S)
