C51 COMPILER V9.60.0.0   UART                                                              11/22/2023 13:55:51 PAGE 1   


C51 COMPILER V9.60.0.0, COMPILATION OF MODULE UART
OBJECT MODULE PLACED IN uart.OBJ
COMPILER INVOKED BY: C:\Keil_v5\C51\BIN\C51.EXE uart.c BROWSE DEBUG OBJECTEXTEND TABS(2)

line level    source

   1          #include <AT89x52.h>
   2          #include <string.h>
   3          
   4          #include "utils.h"
   5          #include "uart.h"
   6          
   7          unsigned char idata serialarray[100], serialcount;
   8          
   9          void serial(void) interrupt 4
  10          {
  11   1        serialarray[serialcount] = SBUF;
  12   1        serialcount = (serialcount < 100 ?serialcount + 1 :0);
  13   1        RI = 0;
  14   1      }
  15          
  16          void serial_initialize(unsigned long baudrate)
  17          {
  18   1        EA = 1;
  19   1        SCON = 0x50;
  20   1        TMOD = TMOD | 0x20;
  21   1        TH1 = -((FCPU / (384U * baudrate)));
  22   1        TR1 = 1;
  23   1      }
  24          
  25          void serial_send(unsigned char data1)
  26          {
  27   1        SBUF = data1;
  28   1        while(!TI);
  29   1        TI = 0;
  30   1      }
  31          
  32          void serial_write(const char *data1)
  33          {
  34   1        while(*data1)
  35   1        serial_send(*data1++);
  36   1      }
  37          
  38          #if 0
              void serial_writeln(const char *data1, unsigned int length)
              {
                while(length --> 0)
                serial_send(*data1++);
              }
              #endif
  45          
  46          #if 0
              void serial_decimal(unsigned long data1, int length, int base)
              {
                unsigned char localarray[10];
                dtoa(data1, (char*)localarray, length, base);
                serial_write((char*)localarray);
              }
              #endif 
  54          
  55          #if 0
C51 COMPILER V9.60.0.0   UART                                                              11/22/2023 13:55:51 PAGE 2   

              void serial_float(float value, int postfix, int prefix)
              {
                unsigned char localarray[10];
                ftostra(value, postfix, prefix, (char*)localarray);
                serial_write((char*)localarray);
              }
              #endif
  63          
  64          void serial_enable(int condition)
  65          {
  66   1        ES = condition;
  67   1      }
  68          
  69          unsigned char serial_receive(void)
  70          {
  71   1        while(!RI) continue;
  72   1        return SBUF;
  73   1      }
  74          
  75          void serial_flush(void)
  76          {
  77   1        memset(serialarray, '\0', sizeof(serialarray));
  78   1        serialcount = 0;
  79   1      }
  80          
  81          char serial_talkback(int state, const char *string, unsigned char length, unsigned int timer)
  82          {
  83   1        length += 1; //No use dummy
  84   1        
  85   1        if(state) serial_write("\r\n");
  86   1        
  87   1        do
  88   1        {
  89   2          if(strstr((char*)serialarray, string) != '\0') return true;
  90   2          if(strstr((char*)serialarray, "ERROR") != '\0') return false;
  91   2          delay_ms(1);
  92   2        }
  93   1        while(timer --> 0);
  94   1        return false;
  95   1      }


MODULE INFORMATION:   STATIC OVERLAYABLE
   CODE SIZE        =    325    ----
   CONSTANT SIZE    =      9    ----
   XDATA SIZE       =   ----    ----
   PDATA SIZE       =   ----    ----
   DATA SIZE        =   ----      19
   IDATA SIZE       =    101    ----
   BIT SIZE         =   ----    ----
END OF MODULE INFORMATION.


C51 COMPILATION COMPLETE.  0 WARNING(S),  0 ERROR(S)
