C51 COMPILER V9.60.7.0   TRANS                                                             11/18/2023 16:40:03 PAGE 1   


C51 COMPILER V9.60.7.0, COMPILATION OF MODULE TRANS
OBJECT MODULE PLACED IN .\Objects\trans.obj
COMPILER INVOKED BY: C:\Keil_v5\C51\BIN\C51.EXE trans.c OPTIMIZE(8,SPEED) BROWSE DEBUG OBJECTEXTEND PRINT(.\Listings\tra
                    -ns.lst) TABS(2) OBJECT(.\Objects\trans.obj)

line level    source

   1          #include<AT89x52.h>
   2          void trans(unsigned char s[]);
   3          
   4          void main()
   5          {
   6   1        SCON=0x50;
   7   1        TMOD=0x20;
   8   1        TH1=0xFD;
   9   1        TR1=1;
  10   1        SBUF =' ';
  11   1        while (TI==0);
  12   1        TI=0;
  13   1        trans(" welcome ");
  14   1        trans(" bro");
  15   1        
  16   1      }
  17          void trans(unsigned char s[])
  18          {
  19   1        unsigned char r;
  20   1        for(r=0;s[r]!="\0";r++)
  21   1        {
  22   2          SBUF=s[r];
  23   2          while(TI==0);
  24   2          TI=0;
  25   2        }
  26   1      }


MODULE INFORMATION:   STATIC OVERLAYABLE
   CODE SIZE        =     90    ----
   CONSTANT SIZE    =     17    ----
   XDATA SIZE       =   ----    ----
   PDATA SIZE       =   ----    ----
   DATA SIZE        =   ----       4
   IDATA SIZE       =   ----    ----
   BIT SIZE         =   ----    ----
END OF MODULE INFORMATION.


C51 COMPILATION COMPLETE.  0 WARNING(S),  0 ERROR(S)
