C51 COMPILER V9.60.0.0   TRUE                                                              09/09/2023 15:18:16 PAGE 1   


C51 COMPILER V9.60.0.0, COMPILATION OF MODULE TRUE
OBJECT MODULE PLACED IN .\Objects\true.obj
COMPILER INVOKED BY: C:\Keil_v5\C51\BIN\C51.EXE true.c OPTIMIZE(8,SPEED) BROWSE DEBUG OBJECTEXTEND PRINT(.\Listings\true
                    -.lst) TABS(2) OBJECT(.\Objects\true.obj)

line level    source

   1          #include<reg51.h>
   2             sbit led = P2^1;
   3             sbit led2 = P2^2;
   4             sbit Switch = P1^1;
   5               
   6          int main()
   7          {
   8   1         led = 0;
   9   1         led2 = 0;
  10   1         Switch = 1;
  11   1         while(1)
  12   1         {
  13   2         if(Switch == 0)
  14   2           {
  15   3           led = 0;
  16   3           led2 = 1;
  17   3           }
  18   2         else
  19   2           {
  20   3           led = 1;
  21   3           led2 = 0;
  22   3           }
  23   2           }
  24   1           return 0;
  25   1           }
*** WARNING C294 IN LINE 24 OF true.c: unreachable code


MODULE INFORMATION:   STATIC OVERLAYABLE
   CODE SIZE        =     21    ----
   CONSTANT SIZE    =   ----    ----
   XDATA SIZE       =   ----    ----
   PDATA SIZE       =   ----    ----
   DATA SIZE        =   ----    ----
   IDATA SIZE       =   ----    ----
   BIT SIZE         =   ----    ----
END OF MODULE INFORMATION.


C51 COMPILATION COMPLETE.  1 WARNING(S),  0 ERROR(S)
